<?xml version="1.0" encoding="UTF-8"?>
<!-- Generated by org.testng.reporters.JUnitReportReporter -->
<testsuite hostname="SaiRani" failures="0" tests="1" name="Paytm.rechage.RechargeModul" time="58.310" errors="0" timestamp="2022-10-07T17:48:03 IST" skipped="0">
  <testcase classname="Paytm.rechage.RechargeModul" name="rechageModel" time="58.310"/>
  <system-out/>
</testsuite> <!-- Paytm.rechage.RechargeModul -->
